<?xml version="1.0" encoding="UTF-8"?>
<!-- Generated by org.testng.reporters.JUnitReportReporter -->
<testsuite hostname="Nagaraju" failures="0" tests="1" name="testCases.TC05_AddToCart" time="2.737" errors="0" timestamp="2025-05-12T20:43:16 IST" skipped="0">
  <testcase classname="testCases.TC05_AddToCart" name="AddToCart_Test" time="2.737"/>
</testsuite> <!-- testCases.TC05_AddToCart -->
