<?xml version="1.0" encoding="UTF-8"?>
<!-- Generated by org.testng.reporters.JUnitReportReporter -->
<testsuite hostname="Nagaraju" failures="0" tests="1" name="testCases.TC06_Checkout" time="10.142" errors="0" timestamp="2025-05-13T22:55:19 IST" skipped="0">
  <testcase classname="testCases.TC06_Checkout" name="Checkout_Test" time="10.142"/>
</testsuite> <!-- testCases.TC06_Checkout -->
