<?xml version="1.0" encoding="UTF-8"?>
<!-- Generated by org.testng.reporters.JUnitReportReporter -->
<testsuite hostname="Nagaraju" failures="0" tests="1" name="testCases.TC02_LoginToMyAccount" time="2.574" errors="0" timestamp="2025-04-16T21:48:52 IST" skipped="0">
  <testcase classname="testCases.TC02_LoginToMyAccount" name="verify_login_account" time="2.574"/>
</testsuite> <!-- testCases.TC02_LoginToMyAccount -->
