<?xml version="1.0" encoding="UTF-8"?>
<!-- Generated by org.testng.reporters.JUnitReportReporter -->
<testsuite hostname="Nagaraju" failures="0" tests="1" name="testCases.TC04_Search" time="3.391" errors="0" timestamp="2025-04-10T22:41:33 IST" skipped="0">
  <testcase classname="testCases.TC04_Search" name="verify_search" time="3.391"/>
</testsuite> <!-- testCases.TC04_Search -->
