<?xml version="1.0" encoding="UTF-8"?>
<!-- Generated by org.testng.reporters.JUnitReportReporter -->
<testsuite hostname="Nagaraju" failures="0" tests="1" name="testCases.TC05_AddToCart" time="1.677" errors="0" timestamp="2025-04-15T22:17:12 IST" skipped="0">
  <testcase classname="testCases.TC05_AddToCart" name="AddToCart_Test" time="1.677"/>
</testsuite> <!-- testCases.TC05_AddToCart -->
