<?xml version="1.0" encoding="UTF-8"?>
<!-- Generated by org.testng.reporters.JUnitReportReporter -->
<testsuite hostname="Nagaraju" failures="0" tests="1" name="testCases.Tc01_Accountregistrationtest" time="2.313" errors="0" timestamp="2025-04-08T23:20:15 IST" skipped="0">
  <testcase classname="testCases.Tc01_Accountregistrationtest" name="verify_account_regestration" time="2.313"/>
</testsuite> <!-- testCases.Tc01_Accountregistrationtest -->
