<?xml version="1.0" encoding="UTF-8"?>
<!-- Generated by org.testng.reporters.JUnitReportReporter -->
<testsuite hostname="Nagaraju" failures="0" tests="1" name="testCases.TC02_LoginToMyAccount" time="1.365" errors="0" timestamp="2025-04-08T23:20:15 IST" skipped="0">
  <testcase classname="testCases.TC02_LoginToMyAccount" name="verify_login_account" time="1.365"/>
</testsuite> <!-- testCases.TC02_LoginToMyAccount -->
